<?xml version="1.0" encoding="UTF-8"?>
<testng-results ignored="0" total="1" passed="1" failed="0" skipped="0">
  <reporter-output>
  </reporter-output>
  <suite started-at="2025-11-12T23:27:37 EET" name="Default suite" finished-at="2025-11-12T23:27:41 EET" duration-ms="3753">
    <groups>
    </groups>
    <test started-at="2025-11-12T23:27:37 EET" name="Default test" finished-at="2025-11-12T23:27:41 EET" duration-ms="3753">
      <class name="firstproject.Mytestcases">
        <test-method is-config="true" signature="mySetUp()[pri:0, instance:firstproject.Mytestcases@2dd80673]" started-at="2025-11-12T23:27:37 EET" name="mySetUp" finished-at="2025-11-12T23:27:39 EET" duration-ms="2120" status="PASS">
          <reporter-output>
          </reporter-output>
        </test-method> <!-- mySetUp -->
        <test-method signature="login()[pri:0, instance:firstproject.Mytestcases@2dd80673]" started-at="2025-11-12T23:27:39 EET" name="login" finished-at="2025-11-12T23:27:41 EET" duration-ms="1575" status="PASS">
          <reporter-output>
          </reporter-output>
        </test-method> <!-- login -->
        <test-method is-config="true" signature="AfterMyTest()[pri:0, instance:firstproject.Mytestcases@2dd80673]" started-at="2025-11-12T23:27:41 EET" name="AfterMyTest" finished-at="2025-11-12T23:27:41 EET" duration-ms="1" status="PASS">
          <reporter-output>
          </reporter-output>
        </test-method> <!-- AfterMyTest -->
      </class> <!-- firstproject.Mytestcases -->
    </test> <!-- Default test -->
  </suite> <!-- Default suite -->
</testng-results>
